<?xml version="1.0" encoding="UTF-8"?>
<!-- Generated by org.testng.reporters.JUnitXMLReporter -->
<testsuite ignored="0" hostname="RSI1517" failures="1" tests="1" name="Default test" time="56.327" errors="0" timestamp="2020-02-04T12:28:57 BRT">
  <testcase classname="br.com.rsinet.gub_tdd.testes.TesteBuscaLupa" name="TesteBusca" time="1.268">
    <failure type="org.openqa.selenium.NoSuchElementException" message="An element could not be located on the page using the given search parameters.
For documentation on this error, please visit: https://www.seleniumhq.org/exceptions/no_such_element.html
Build info: version: &amp;apos;3.141.59&amp;apos;, revision: &amp;apos;e82be7d358&amp;apos;, time: &amp;apos;2018-11-14T08:17:03&amp;apos;
System info: host: &amp;apos;RSI1517&amp;apos;, ip: &amp;apos;10.1.0.95&amp;apos;, os.name: &amp;apos;Windows 10&amp;apos;, os.arch: &amp;apos;amd64&amp;apos;, os.version: &amp;apos;10.0&amp;apos;, java.version: &amp;apos;13.0.1&amp;apos;
Driver info: io.appium.java_client.AppiumDriver
Capabilities {appActivity: com.Advantage.aShopping.Spl..., appPackage: com.Advantage.aShopping, databaseEnabled: false, desired: {appActivity: com.Advantage.aShopping.Spl..., appPackage: com.Advantage.aShopping, deviceName: SM-A500M, platformName: android, platformVersion: 6.0.1, udid: 20faeea1}, deviceApiLevel: 23, deviceManufacturer: samsung, deviceModel: SM-A500M, deviceName: 20faeea1, deviceScreenDensity: 320, deviceScreenSize: 720x1280, deviceUDID: 20faeea1, javascriptEnabled: true, locationContextEnabled: false, networkConnectionEnabled: true, pixelRatio: 2, platform: LINUX, platformName: Android, platformVersion: 6.0.1, statBarHeight: 48, takesScreenshot: true, udid: 20faeea1, viewportRect: {height: 1232, left: 0, top: 48, width: 720}, warnings: {}, webStorageEnabled: false}
Session ID: b2b33230-e16d-4fff-9e9f-3691967b0f23
*** Element info: {Using=id, value=[{&amp;quot;key&amp;quot;:&amp;quot;elementId&amp;quot;,&amp;quot;value&amp;quot;:&amp;quot;b36e7b12-fe81-4f57-88b0-8478e52cfe57&amp;quot;,&amp;quot;name&amp;quot;:&amp;quot;elementId&amp;quot;},{&amp;quot;key&amp;quot;:&amp;quot;index&amp;quot;,&amp;quot;value&amp;quot;:&amp;quot;0&amp;quot;,&amp;quot;name&amp;quot;:&amp;quot;index&amp;quot;},{&amp;quot;key&amp;quot;:&amp;quot;package&amp;quot;,&amp;quot;value&amp;quot;:&amp;quot;com.Advantage.aShopping&amp;quot;,&amp;quot;name&amp;quot;:&amp;quot;package&amp;quot;},{&amp;quot;key&amp;quot;:&amp;quot;class&amp;quot;,&amp;quot;value&amp;quot;:&amp;quot;android.widget.ImageView&amp;quot;,&amp;quot;name&amp;quot;:&amp;quot;class&amp;quot;},{&amp;quot;key&amp;quot;:&amp;quot;text&amp;quot;,&amp;quot;value&amp;quot;:&amp;quot;&amp;quot;,&amp;quot;name&amp;quot;:&amp;quot;text&amp;quot;},{&amp;quot;key&amp;quot;:&amp;quot;resource-id&amp;quot;,&amp;quot;value&amp;quot;:&amp;quot;com.Advantage.aShopping:id/imageViewMenu&amp;quot;,&amp;quot;name&amp;quot;:&amp;quot;resource-id&amp;quot;},{&amp;quot;key&amp;quot;:&amp;quot;checkable&amp;quot;,&amp;quot;value&amp;quot;:&amp;quot;false&amp;quot;,&amp;quot;name&amp;quot;:&amp;quot;checkable&amp;quot;},{&amp;quot;key&amp;quot;:&amp;quot;checked&amp;quot;,&amp;quot;value&amp;quot;:&amp;quot;false&amp;quot;,&amp;quot;name&amp;quot;:&amp;quot;checked&amp;quot;},{&amp;quot;key&amp;quot;:&amp;quot;clickable&amp;quot;,&amp;quot;value&amp;quot;:&amp;quot;true&amp;quot;,&amp;quot;name&amp;quot;:&amp;quot;clickable&amp;quot;},{&amp;quot;key&amp;quot;:&amp;quot;enabled&amp;quot;,&amp;quot;value&amp;quot;:&amp;quot;true&amp;quot;,&amp;quot;name&amp;quot;:&amp;quot;enabled&amp;quot;},{&amp;quot;key&amp;quot;:&amp;quot;focusable&amp;quot;,&amp;quot;value&amp;quot;:&amp;quot;false&amp;quot;,&amp;quot;name&amp;quot;:&amp;quot;focusable&amp;quot;},{&amp;quot;key&amp;quot;:&amp;quot;focused&amp;quot;,&amp;quot;value&amp;quot;:&amp;quot;false&amp;quot;,&amp;quot;name&amp;quot;:&amp;quot;focused&amp;quot;},{&amp;quot;key&amp;quot;:&amp;quot;long-clickable&amp;quot;,&amp;quot;value&amp;quot;:&amp;quot;false&amp;quot;,&amp;quot;name&amp;quot;:&amp;quot;long-clickable&amp;quot;},{&amp;quot;key&amp;quot;:&amp;quot;password&amp;quot;,&amp;quot;value&amp;quot;:&amp;quot;false&amp;quot;,&amp;quot;name&amp;quot;:&amp;quot;password&amp;quot;},{&amp;quot;key&amp;quot;:&amp;quot;scrollable&amp;quot;,&amp;quot;value&amp;quot;:&amp;quot;false&amp;quot;,&amp;quot;name&amp;quot;:&amp;quot;scrollable&amp;quot;},{&amp;quot;key&amp;quot;:&amp;quot;selected&amp;quot;,&amp;quot;value&amp;quot;:&amp;quot;false&amp;quot;,&amp;quot;name&amp;quot;:&amp;quot;selected&amp;quot;},{&amp;quot;key&amp;quot;:&amp;quot;bounds&amp;quot;,&amp;quot;value&amp;quot;:&amp;quot;[0,48][104,160]&amp;quot;,&amp;quot;name&amp;quot;:&amp;quot;bounds&amp;quot;},{&amp;quot;key&amp;quot;:&amp;quot;displayed&amp;quot;,&amp;quot;value&amp;quot;:&amp;quot;true&amp;quot;,&amp;quot;name&amp;quot;:&amp;quot;displayed&amp;quot;}]}">
      <![CDATA[org.openqa.selenium.NoSuchElementException: An element could not be located on the page using the given search parameters.
For documentation on this error, please visit: https://www.seleniumhq.org/exceptions/no_such_element.html
Build info: version: '3.141.59', revision: 'e82be7d358', time: '2018-11-14T08:17:03'
System info: host: 'RSI1517', ip: '10.1.0.95', os.name: 'Windows 10', os.arch: 'amd64', os.version: '10.0', java.version: '13.0.1'
Driver info: io.appium.java_client.AppiumDriver
Capabilities {appActivity: com.Advantage.aShopping.Spl..., appPackage: com.Advantage.aShopping, databaseEnabled: false, desired: {appActivity: com.Advantage.aShopping.Spl..., appPackage: com.Advantage.aShopping, deviceName: SM-A500M, platformName: android, platformVersion: 6.0.1, udid: 20faeea1}, deviceApiLevel: 23, deviceManufacturer: samsung, deviceModel: SM-A500M, deviceName: 20faeea1, deviceScreenDensity: 320, deviceScreenSize: 720x1280, deviceUDID: 20faeea1, javascriptEnabled: true, locationContextEnabled: false, networkConnectionEnabled: true, pixelRatio: 2, platform: LINUX, platformName: Android, platformVersion: 6.0.1, statBarHeight: 48, takesScreenshot: true, udid: 20faeea1, viewportRect: {height: 1232, left: 0, top: 48, width: 720}, warnings: {}, webStorageEnabled: false}
Session ID: b2b33230-e16d-4fff-9e9f-3691967b0f23
*** Element info: {Using=id, value=[{"key":"elementId","value":"b36e7b12-fe81-4f57-88b0-8478e52cfe57","name":"elementId"},{"key":"index","value":"0","name":"index"},{"key":"package","value":"com.Advantage.aShopping","name":"package"},{"key":"class","value":"android.widget.ImageView","name":"class"},{"key":"text","value":"","name":"text"},{"key":"resource-id","value":"com.Advantage.aShopping:id/imageViewMenu","name":"resource-id"},{"key":"checkable","value":"false","name":"checkable"},{"key":"checked","value":"false","name":"checked"},{"key":"clickable","value":"true","name":"clickable"},{"key":"enabled","value":"true","name":"enabled"},{"key":"focusable","value":"false","name":"focusable"},{"key":"focused","value":"false","name":"focused"},{"key":"long-clickable","value":"false","name":"long-clickable"},{"key":"password","value":"false","name":"password"},{"key":"scrollable","value":"false","name":"scrollable"},{"key":"selected","value":"false","name":"selected"},{"key":"bounds","value":"[0,48][104,160]","name":"bounds"},{"key":"displayed","value":"true","name":"displayed"}]}
at java.base/jdk.internal.reflect.NativeConstructorAccessorImpl.newInstance0(Native Method)
at java.base/jdk.internal.reflect.NativeConstructorAccessorImpl.newInstance(NativeConstructorAccessorImpl.java:62)
at java.base/jdk.internal.reflect.DelegatingConstructorAccessorImpl.newInstance(DelegatingConstructorAccessorImpl.java:45)
at java.base/java.lang.reflect.Constructor.newInstanceWithCaller(Constructor.java:500)
at java.base/java.lang.reflect.Constructor.newInstance(Constructor.java:481)
at org.openqa.selenium.remote.http.W3CHttpResponseCodec.createException(W3CHttpResponseCodec.java:187)
at org.openqa.selenium.remote.http.W3CHttpResponseCodec.decode(W3CHttpResponseCodec.java:122)
at org.openqa.selenium.remote.http.W3CHttpResponseCodec.decode(W3CHttpResponseCodec.java:49)
at org.openqa.selenium.remote.HttpCommandExecutor.execute(HttpCommandExecutor.java:158)
at io.appium.java_client.remote.AppiumCommandExecutor.execute(AppiumCommandExecutor.java:239)
at org.openqa.selenium.remote.RemoteWebDriver.execute(RemoteWebDriver.java:552)
at io.appium.java_client.DefaultGenericMobileDriver.execute(DefaultGenericMobileDriver.java:41)
at io.appium.java_client.AppiumDriver.execute(AppiumDriver.java:1)
at org.openqa.selenium.remote.RemoteWebDriver.findElement(RemoteWebDriver.java:323)
at io.appium.java_client.DefaultGenericMobileDriver.findElement(DefaultGenericMobileDriver.java:61)
at io.appium.java_client.AppiumDriver.findElement(AppiumDriver.java:1)
at org.openqa.selenium.remote.RemoteWebDriver.findElementById(RemoteWebDriver.java:372)
at io.appium.java_client.DefaultGenericMobileDriver.findElementById(DefaultGenericMobileDriver.java:69)
at io.appium.java_client.AppiumDriver.findElementById(AppiumDriver.java:1)
at org.openqa.selenium.By$ById.findElement(By.java:188)
at org.openqa.selenium.remote.RemoteWebDriver.findElement(RemoteWebDriver.java:315)
at io.appium.java_client.DefaultGenericMobileDriver.findElement(DefaultGenericMobileDriver.java:57)
at io.appium.java_client.AppiumDriver.findElement(AppiumDriver.java:1)
at br.com.rsinet.hub_tdd.pageObjects.Home_Page.btnMenu(Home_Page.java:15)
at br.com.rsinet.hub_tdd.actions.PesquisaLupaActions.BuscaLupaPositivo(PesquisaLupaActions.java:11)
at br.com.rsinet.gub_tdd.testes.TesteBuscaLupa.TesteBusca(TesteBuscaLupa.java:26)
at java.base/jdk.internal.reflect.NativeMethodAccessorImpl.invoke0(Native Method)
at java.base/jdk.internal.reflect.NativeMethodAccessorImpl.invoke(NativeMethodAccessorImpl.java:62)
at java.base/jdk.internal.reflect.DelegatingMethodAccessorImpl.invoke(DelegatingMethodAccessorImpl.java:43)
at java.base/java.lang.reflect.Method.invoke(Method.java:567)
at org.testng.internal.MethodInvocationHelper.invokeMethod(MethodInvocationHelper.java:133)
at org.testng.internal.TestInvoker.invokeMethod(TestInvoker.java:584)
at org.testng.internal.TestInvoker.invokeTestMethod(TestInvoker.java:172)
at org.testng.internal.MethodRunner.runInSequence(MethodRunner.java:46)
at org.testng.internal.TestInvoker$MethodInvocationAgent.invoke(TestInvoker.java:804)
at org.testng.internal.TestInvoker.invokeTestMethods(TestInvoker.java:145)
at org.testng.internal.TestMethodWorker.invokeTestMethods(TestMethodWorker.java:146)
at org.testng.internal.TestMethodWorker.run(TestMethodWorker.java:128)
at java.base/java.util.ArrayList.forEach(ArrayList.java:1507)
at org.testng.TestRunner.privateRun(TestRunner.java:770)
at org.testng.TestRunner.run(TestRunner.java:591)
at org.testng.SuiteRunner.runTest(SuiteRunner.java:402)
at org.testng.SuiteRunner.runSequentially(SuiteRunner.java:396)
at org.testng.SuiteRunner.privateRun(SuiteRunner.java:355)
at org.testng.SuiteRunner.run(SuiteRunner.java:304)
at org.testng.SuiteRunnerWorker.runSuite(SuiteRunnerWorker.java:53)
at org.testng.SuiteRunnerWorker.run(SuiteRunnerWorker.java:96)
at org.testng.TestNG.runSuitesSequentially(TestNG.java:1180)
at org.testng.TestNG.runSuitesLocally(TestNG.java:1102)
at org.testng.TestNG.runSuites(TestNG.java:1032)
at org.testng.TestNG.run(TestNG.java:1000)
at org.testng.remote.AbstractRemoteTestNG.run(AbstractRemoteTestNG.java:115)
at org.testng.remote.RemoteTestNG.initAndRun(RemoteTestNG.java:251)
at org.testng.remote.RemoteTestNG.main(RemoteTestNG.java:77)
]]>
    </failure>
  </testcase> <!-- TesteBusca -->
</testsuite> <!-- Default test -->
